TN:
SF:src/MultiBridgeMessageReceiver.sol
FN:105,MultiBridgeMessageReceiver.receiveMessage
FNDA:45,MultiBridgeMessageReceiver.receiveMessage
DA:106,44
BRDA:106,0,0,1
BRDA:106,0,1,43
DA:107,1
DA:110,43
BRDA:110,1,0,3
BRDA:110,1,1,40
DA:111,3
DA:114,40
BRDA:114,2,0,1
BRDA:114,2,1,39
DA:115,1
DA:120,39
DA:122,39
BRDA:122,3,0,1
BRDA:122,3,1,38
DA:123,1
DA:127,38
BRDA:127,4,0,1
BRDA:127,4,1,37
DA:128,1
DA:131,37
DA:134,37
DA:137,37
DA:140,37
BRDA:140,5,0,25
BRDA:140,5,1,37
DA:141,25
DA:144,37
DA:145,37
FN:149,MultiBridgeMessageReceiver.scheduleMessageExecution
FNDA:17,MultiBridgeMessageReceiver.scheduleMessageExecution
DA:153,17
DA:154,17
BRDA:154,6,0,1
BRDA:154,6,1,16
DA:155,1
DA:159,16
BRDA:159,7,0,1
BRDA:159,7,1,15
DA:160,1
DA:164,15
BRDA:164,8,0,1
BRDA:164,8,1,14
DA:165,1
DA:168,14
DA:171,14
BRDA:171,9,0,1
BRDA:171,9,1,13
DA:172,1
DA:176,13
DA:180,13
FN:187,MultiBridgeMessageReceiver.updateGovernanceTimelock
FNDA:2,MultiBridgeMessageReceiver.updateGovernanceTimelock
DA:188,2
BRDA:188,10,0,1
BRDA:188,10,1,1
DA:189,1
DA:191,1
DA:192,1
DA:193,1
FN:198,MultiBridgeMessageReceiver.updateReceiverAdapters
FNDA:22,MultiBridgeMessageReceiver.updateReceiverAdapters
DA:203,21
DA:204,16
FN:209,MultiBridgeMessageReceiver.updateReceiverAdaptersAndQuorum
FNDA:6,MultiBridgeMessageReceiver.updateReceiverAdaptersAndQuorum
DA:214,6
DA:215,6
FN:219,MultiBridgeMessageReceiver.updateQuorum
FNDA:8,MultiBridgeMessageReceiver.updateQuorum
DA:220,7
FN:231,MultiBridgeMessageReceiver.getMessageInfo
FNDA:4,MultiBridgeMessageReceiver.getMessageInfo
DA:232,4
DA:233,4
DA:235,4
BRDA:235,11,0,-
BRDA:235,11,1,3
DA:236,3
DA:237,3
DA:238,3
DA:239,6
BRDA:239,12,0,-
BRDA:239,12,1,3
DA:240,3
DA:241,3
DA:245,6
DA:250,4
FN:257,MultiBridgeMessageReceiver._updateQuorum
FNDA:13,MultiBridgeMessageReceiver._updateQuorum
DA:258,13
DA:260,11
DA:262,11
DA:263,11
FN:266,MultiBridgeMessageReceiver._updateReceiverAdapters
FNDA:27,MultiBridgeMessageReceiver._updateReceiverAdapters
DA:267,27
DA:269,27
BRDA:269,13,0,1
BRDA:269,13,1,26
DA:270,1
DA:273,26
BRDA:273,14,0,1
BRDA:273,14,1,25
DA:274,1
DA:277,25
DA:278,32
DA:281,29
FN:286,MultiBridgeMessageReceiver._updateReceiverAdapter
FNDA:32,MultiBridgeMessageReceiver._updateReceiverAdapter
DA:287,32
BRDA:287,15,0,1
BRDA:287,15,1,31
DA:288,1
DA:290,31
DA:292,31
BRDA:292,16,0,1
BRDA:292,16,1,1
DA:294,2
DA:297,29
FN:300,MultiBridgeMessageReceiver._validateQuorum
FNDA:29,MultiBridgeMessageReceiver._validateQuorum
DA:301,29
BRDA:301,17,0,3
BRDA:301,17,1,26
DA:302,3
FNF:11
FNH:11
LF:71
LH:71
BRF:36
BRH:34
end_of_record
TN:
SF:src/MultiBridgeMessageSender.sol
FN:153,MultiBridgeMessageSender.remoteCall
FNDA:34,MultiBridgeMessageSender.remoteCall
DA:164,29
FN:181,MultiBridgeMessageSender.addSenderAdapters
FNDA:9,MultiBridgeMessageSender.addSenderAdapters
DA:182,8
DA:184,5
DA:186,5
BRDA:186,0,0,1
BRDA:186,0,1,4
DA:187,1
DA:188,1
DA:189,1
DA:192,4
DA:193,4
DA:194,4
DA:195,4
DA:196,11
DA:197,8
DA:198,8
DA:199,8
BRDA:199,1,0,-
BRDA:199,1,1,4
DA:200,4
DA:202,4
DA:204,4
BRDA:204,2,0,1
BRDA:204,2,1,3
DA:205,1
DA:207,3
DA:209,3
DA:213,7
DA:216,6
DA:217,3
DA:219,3
DA:220,3
DA:223,5
DA:224,2
DA:226,2
DA:227,2
DA:231,3
DA:232,3
FN:237,MultiBridgeMessageSender.removeSenderAdapters
FNDA:8,MultiBridgeMessageSender.removeSenderAdapters
DA:238,7
DA:240,7
DA:241,7
DA:243,4
DA:244,4
FN:251,MultiBridgeMessageSender._remoteCall
FNDA:29,MultiBridgeMessageSender._remoteCall
DA:252,29
DA:262,15
DA:264,15
DA:273,15
DA:274,15
DA:275,15
DA:277,15
BRDA:277,3,0,1
BRDA:277,3,1,14
DA:278,1
DA:281,14
DA:294,14
BRDA:294,4,0,13
BRDA:294,4,1,13
DA:295,13
FN:299,MultiBridgeMessageSender._checkAndProcessArgs
FNDA:29,MultiBridgeMessageSender._checkAndProcessArgs
DA:307,29
BRDA:307,5,0,1
BRDA:307,5,1,28
DA:308,1
DA:311,28
BRDA:311,6,0,1
BRDA:311,6,1,27
DA:312,1
DA:315,27
BRDA:315,7,0,1
BRDA:315,7,1,26
DA:316,1
DA:319,26
BRDA:319,8,0,4
BRDA:319,8,1,22
DA:320,4
DA:323,22
DA:325,22
BRDA:325,9,0,1
BRDA:325,9,1,21
DA:326,1
DA:329,21
DA:331,19
BRDA:331,10,0,1
BRDA:331,10,1,18
DA:332,1
DA:335,18
BRDA:335,11,0,1
BRDA:335,11,1,17
DA:336,1
DA:339,17
BRDA:339,12,0,1
BRDA:339,12,1,16
DA:340,1
DA:342,16
DA:343,16
DA:344,32
DA:346,32
DA:349,16
BRDA:349,13,0,1
BRDA:349,13,1,15
DA:350,1
FN:354,MultiBridgeMessageSender._dispatchMessages
FNDA:15,MultiBridgeMessageSender._dispatchMessages
DA:361,15
DA:362,15
DA:363,15
DA:365,15
DA:367,30
DA:378,30
DA:381,15
FN:384,MultiBridgeMessageSender._filterAdapters
FNDA:28,MultiBridgeMessageSender._filterAdapters
DA:389,28
BRDA:389,14,0,1
BRDA:389,14,1,27
DA:390,1
DA:393,27
DA:394,27
DA:395,27
DA:396,27
DA:397,39
DA:398,15
DA:399,15
DA:400,15
BRDA:400,15,0,10
BRDA:400,15,1,5
DA:402,10
DA:405,5
BRDA:405,16,0,3
BRDA:405,16,1,2
DA:406,3
DA:408,2
DA:410,2
DA:412,2
BRDA:412,17,0,1
BRDA:412,17,1,2
DA:414,1
DA:419,12
DA:422,60
DA:423,37
BRDA:423,18,0,1
BRDA:423,18,1,36
DA:424,1
DA:426,36
DA:428,36
DA:429,36
DA:432,23
FN:437,MultiBridgeMessageSender._checkAdaptersOrder
FNDA:15,MultiBridgeMessageSender._checkAdaptersOrder
DA:438,15
DA:440,15
DA:441,15
DA:442,26
DA:443,26
BRDA:443,19,0,1
BRDA:443,19,1,25
DA:444,1
DA:445,25
BRDA:445,20,0,1
BRDA:445,20,1,1
DA:446,2
BRDA:446,21,0,1
BRDA:446,21,1,1
DA:447,1
DA:449,1
DA:451,23
DA:453,23
FN:458,MultiBridgeMessageSender._logSenderAdapterUpdates
FNDA:8,MultiBridgeMessageSender._logSenderAdapterUpdates
DA:459,8
FN:465,MultiBridgeMessageSender._safeTransferETH
FNDA:13,MultiBridgeMessageSender._safeTransferETH
DA:466,13
DA:467,13
BRDA:467,22,0,1
BRDA:467,22,1,12
FNF:10
FNH:10
LF:119
LH:119
BRF:46
BRH:45
end_of_record
TN:
SF:src/adapters/BaseReceiverAdapter.sol
FN:26,BaseReceiverAdapter.updateSenderAdapter
FNDA:14,BaseReceiverAdapter.updateSenderAdapter
DA:27,12
BRDA:27,0,0,2
BRDA:27,0,1,10
DA:28,2
DA:31,10
DA:32,10
DA:34,10
FNF:1
FNH:1
LF:5
LH:5
BRF:2
BRH:2
end_of_record
TN:
SF:src/adapters/BaseSenderAdapter.sol
FN:53,BaseSenderAdapter.updateReceiverAdapter
FNDA:3,BaseSenderAdapter.updateReceiverAdapter
DA:58,2
DA:60,2
BRDA:60,0,0,1
BRDA:60,0,1,1
DA:61,1
DA:64,1
DA:65,2
DA:66,2
DA:67,2
DA:70,2
FN:82,BaseSenderAdapter._getNewMessageId
FNDA:31,BaseSenderAdapter._getNewMessageId
DA:83,31
DA:84,31
FNF:2
FNH:2
LF:10
LH:10
BRF:2
BRH:2
end_of_record
TN:
SF:src/adapters/axelar/AxelarReceiverAdapter.sol
FN:62,AxelarReceiverAdapter.execute
FNDA:18,AxelarReceiverAdapter.execute
DA:69,18
BRDA:69,0,0,1
BRDA:69,0,1,17
DA:70,1
DA:74,17
BRDA:74,1,0,1
BRDA:74,1,1,16
DA:75,1
DA:79,16
BRDA:79,2,0,1
BRDA:79,2,1,15
DA:80,1
DA:84,15
DA:85,15
DA:88,15
BRDA:88,3,0,1
BRDA:88,3,1,14
DA:89,1
DA:93,14
BRDA:93,4,0,1
BRDA:93,4,1,13
DA:94,1
DA:98,13
BRDA:98,5,0,1
BRDA:98,5,1,12
DA:99,1
DA:102,12
DA:103,12
DA:105,12
DA:107,12
FNF:1
FNH:1
LF:18
LH:18
BRF:12
BRH:12
end_of_record
TN:
SF:src/adapters/axelar/AxelarSenderAdapter.sol
FN:48,AxelarSenderAdapter.dispatchMessage
FNDA:18,AxelarSenderAdapter.dispatchMessage
DA:55,17
DA:57,17
BRDA:57,0,0,1
BRDA:57,0,1,16
DA:58,1
DA:61,16
DA:63,16
BRDA:63,1,0,1
BRDA:63,1,1,15
DA:64,1
DA:67,15
DA:68,15
DA:70,14
FN:76,AxelarSenderAdapter.setChainIdMap
FNDA:5,AxelarSenderAdapter.setChainIdMap
DA:77,4
DA:79,4
BRDA:79,2,0,1
BRDA:79,2,1,3
DA:80,1
DA:83,3
DA:84,3
BRDA:84,3,0,1
BRDA:84,3,1,2
DA:85,1
DA:88,2
DA:89,2
DA:91,2
DA:94,2
FN:109,AxelarSenderAdapter._callContract
FNDA:15,AxelarSenderAdapter._callContract
DA:116,15
DA:117,15
DA:118,15
DA:120,15
DA:124,14
FNF:3
FNH:3
LF:24
LH:24
BRF:8
BRH:8
end_of_record
TN:
SF:src/adapters/axelar/libraries/StringAddressConversion.sol
FN:7,StringAddressConversion.toString
FNDA:16,StringAddressConversion.toString
DA:8,16
DA:9,16
DA:10,16
DA:11,16
DA:13,16
DA:14,16
DA:16,16
DA:17,320
DA:18,320
DA:20,16
FN:23,StringAddressConversion.toAddress
FNDA:8,StringAddressConversion.toAddress
DA:24,8
DA:25,8
DA:26,8
DA:28,8
BRDA:28,0,0,4
BRDA:28,0,1,4
DA:30,4
DA:31,159
DA:33,159
BRDA:33,1,0,40
BRDA:33,1,1,119
DA:34,119
BRDA:34,2,0,40
BRDA:34,2,1,79
DA:35,79
BRDA:35,3,0,78
BRDA:35,3,1,1
DA:36,1
DA:38,158
DA:40,3
FNF:2
FNH:2
LF:22
LH:22
BRF:8
BRH:8
end_of_record
TN:
SF:src/adapters/wormhole/WormholeReceiverAdapter.sol
FN:70,WormholeReceiverAdapter.receiveWormholeMessages
FNDA:17,WormholeReceiverAdapter.receiveWormholeMessages
DA:79,17
BRDA:79,0,0,1
BRDA:79,0,1,16
DA:80,1
DA:84,16
BRDA:84,1,0,1
BRDA:84,1,1,15
DA:85,1
DA:89,15
DA:90,15
DA:93,15
BRDA:93,2,0,1
BRDA:93,2,1,14
DA:94,1
DA:97,14
DA:98,14
DA:101,14
BRDA:101,3,0,1
BRDA:101,3,1,13
DA:102,1
DA:106,13
BRDA:106,4,0,1
BRDA:106,4,1,12
DA:107,1
DA:110,12
DA:112,12
FNF:1
FNH:1
LF:16
LH:16
BRF:10
BRH:10
end_of_record
TN:
SF:src/adapters/wormhole/WormholeSenderAdapter.sol
FN:41,WormholeSenderAdapter.dispatchMessage
FNDA:19,WormholeSenderAdapter.dispatchMessage
DA:48,18
DA:50,18
BRDA:50,0,0,1
BRDA:50,0,1,17
DA:51,1
DA:54,17
DA:56,17
BRDA:56,1,0,1
BRDA:56,1,1,16
DA:57,1
DA:60,16
DA:61,16
DA:63,16
DA:72,15
FN:78,WormholeSenderAdapter.setChainIdMap
FNDA:5,WormholeSenderAdapter.setChainIdMap
DA:79,4
DA:81,4
BRDA:81,2,0,1
BRDA:81,2,1,3
DA:82,1
DA:85,3
DA:86,3
BRDA:86,3,0,1
BRDA:86,3,1,2
DA:87,1
DA:90,2
DA:91,2
DA:93,2
DA:96,2
FNF:2
FNH:2
LF:20
LH:20
BRF:8
BRH:8
end_of_record
TN:
SF:src/controllers/GAC.sol
FN:23,GAC.isGlobalOwner
FNDA:69,GAC.isGlobalOwner
DA:24,69
FN:28,GAC.getGlobalOwner
FNDA:19,GAC.getGlobalOwner
DA:29,19
FNF:2
FNH:2
LF:2
LH:2
BRF:0
BRH:0
end_of_record
TN:
SF:src/controllers/GovernanceTimelock.sol
FN:76,GovernanceTimelock.scheduleTransaction
FNDA:25,GovernanceTimelock.scheduleTransaction
DA:77,24
BRDA:77,0,0,1
BRDA:77,0,1,23
DA:78,1
DA:82,23
DA:83,23
DA:85,23
DA:86,23
FN:90,GovernanceTimelock.executeTransaction
FNDA:22,GovernanceTimelock.executeTransaction
DA:96,22
BRDA:96,1,0,2
BRDA:96,1,1,20
DA:97,2
DA:101,20
BRDA:101,2,0,1
BRDA:101,2,1,19
DA:102,1
DA:106,19
BRDA:106,3,0,1
BRDA:106,3,1,18
DA:107,1
DA:111,18
BRDA:111,4,0,2
BRDA:111,4,1,16
DA:112,2
DA:116,16
BRDA:116,5,0,2
BRDA:116,5,1,14
DA:117,2
DA:121,14
BRDA:121,6,0,1
BRDA:121,6,1,13
DA:122,1
DA:125,13
DA:127,13
DA:129,13
BRDA:129,7,0,1
BRDA:129,7,1,12
DA:130,1
DA:133,12
FN:137,GovernanceTimelock.setDelay
FNDA:6,GovernanceTimelock.setDelay
DA:138,5
DA:140,3
DA:141,3
DA:143,3
FN:147,GovernanceTimelock.setAdmin
FNDA:4,GovernanceTimelock.setAdmin
DA:148,3
BRDA:148,8,0,1
BRDA:148,8,1,2
DA:149,1
DA:152,2
DA:153,2
DA:155,2
FN:162,GovernanceTimelock._checkDelay
FNDA:5,GovernanceTimelock._checkDelay
DA:163,5
BRDA:163,9,0,1
BRDA:163,9,1,4
DA:164,1
DA:167,4
BRDA:167,10,0,1
BRDA:167,10,1,3
DA:168,1
FNF:5
FNH:5
LF:36
LH:36
BRF:22
BRH:22
end_of_record
TN:
SF:src/controllers/MessageReceiverGAC.sol
FN:13,MessageReceiverGAC.setMultiBridgeMessageReceiver
FNDA:3,MessageReceiverGAC.setMultiBridgeMessageReceiver
DA:14,2
BRDA:14,0,0,1
BRDA:14,0,1,1
DA:15,1
DA:17,1
DA:18,1
DA:20,1
FNF:1
FNH:1
LF:5
LH:5
BRF:2
BRH:2
end_of_record
TN:
SF:src/controllers/MessageSenderGAC.sol
FN:46,MessageSenderGAC.setMultiBridgeMessageSender
FNDA:3,MessageSenderGAC.setMultiBridgeMessageSender
DA:47,2
BRDA:47,0,0,1
BRDA:47,0,1,1
DA:48,1
DA:51,1
DA:52,1
DA:54,1
FN:57,MessageSenderGAC.setAuthorisedCaller
FNDA:3,MessageSenderGAC.setAuthorisedCaller
DA:58,2
BRDA:58,1,0,1
BRDA:58,1,1,1
DA:59,1
DA:62,1
DA:63,1
DA:65,1
FN:68,MessageSenderGAC.setRemoteMultiBridgeMessageReceiver
FNDA:4,MessageSenderGAC.setRemoteMultiBridgeMessageReceiver
DA:69,3
BRDA:69,2,0,1
BRDA:69,2,1,2
DA:70,1
DA:73,2
BRDA:73,3,0,1
BRDA:73,3,1,1
DA:74,1
DA:77,1
DA:78,1
DA:80,1
FN:83,MessageSenderGAC.setGlobalMsgDeliveryGasLimit
FNDA:3,MessageSenderGAC.setGlobalMsgDeliveryGasLimit
DA:84,2
BRDA:84,4,0,1
BRDA:84,4,1,1
DA:85,1
DA:88,1
DA:89,1
DA:91,1
FNF:4
FNH:4
LF:22
LH:22
BRF:10
BRH:10
end_of_record
TN:
SF:src/libraries/EIP5164/ExecutorAware.sol
FN:34,ExecutorAware.isTrustedExecutor
FNDA:29,ExecutorAware.isTrustedExecutor
DA:35,74
FN:42,ExecutorAware.getTrustedExecutors
FNDA:1,ExecutorAware.getTrustedExecutors
DA:43,4
FN:50,ExecutorAware.trustedExecutorsCount
FNDA:1,ExecutorAware.trustedExecutorsCount
DA:51,30
FN:61,ExecutorAware._addTrustedExecutor
FNDA:28,ExecutorAware._addTrustedExecutor
DA:62,28
FN:70,ExecutorAware._removeTrustedExecutor
FNDA:10,ExecutorAware._removeTrustedExecutor
DA:71,10
FNF:5
FNH:5
LF:5
LH:5
BRF:0
BRH:0
end_of_record
TN:
SF:src/libraries/Message.sol
FN:41,MessageLibrary.computeMsgId
FNDA:16,MessageLibrary.computeMsgId
DA:42,16
FN:55,MessageLibrary.extractExecutionParams
FNDA:2,MessageLibrary.extractExecutionParams
DA:56,2
FN:65,MessageLibrary.computeExecutionParamsHash
FNDA:2,MessageLibrary.computeExecutionParamsHash
DA:66,2
FN:71,MessageLibrary.computeExecutionParamsHash
FNDA:1,MessageLibrary.computeExecutionParamsHash
DA:72,1
FNF:4
FNH:4
LF:4
LH:4
BRF:0
BRH:0
end_of_record
TN:
SF:src/libraries/TypeCasts.sol
FN:7,TypeCasts.addressToBytes32
FNDA:1,TypeCasts.addressToBytes32
DA:8,1
FN:12,TypeCasts.bytes32ToAddress
FNDA:17,TypeCasts.bytes32ToAddress
DA:13,17
FNF:2
FNH:2
LF:2
LH:2
BRF:0
BRH:0
end_of_record
TN:
SF:test/Setup.t.sol
FN:93,Setup.setUp
FNDA:0,Setup.setUp
DA:98,0
DA:99,0
DA:101,0
DA:102,0
DA:104,0
DA:105,0
DA:108,0
DA:112,0
DA:113,0
DA:117,0
DA:120,0
DA:123,0
DA:126,0
DA:129,0
FN:136,Setup._deployGac
FNDA:0,Setup._deployGac
DA:137,0
DA:139,0
DA:140,0
DA:141,0
DA:143,0
DA:144,0
BRDA:144,0,0,-
BRDA:144,0,1,-
DA:145,0
DA:146,0
DA:147,0
DA:149,0
DA:150,0
DA:152,0
DA:155,0
FN:161,Setup._deployWormholeAdapters
FNDA:0,Setup._deployWormholeAdapters
DA:163,0
DA:165,0
DA:168,0
DA:171,0
DA:173,0
DA:174,0
DA:175,0
DA:176,0
DA:178,0
DA:181,0
DA:182,0
DA:185,0
DA:190,0
DA:192,0
DA:196,0
FN:202,Setup._deployAxelarAdapters
FNDA:0,Setup._deployAxelarAdapters
DA:204,0
DA:205,0
DA:209,0
DA:212,0
DA:214,0
DA:215,0
DA:216,0
DA:218,0
DA:221,0
DA:222,0
DA:225,0
DA:229,0
DA:231,0
DA:235,0
FN:241,Setup._deployHelpers
FNDA:0,Setup._deployHelpers
DA:243,0
DA:244,0
DA:245,0
DA:247,0
DA:248,0
DA:251,0
DA:252,0
DA:254,0
DA:255,0
DA:256,0
DA:258,0
DA:259,0
DA:262,0
FN:268,Setup._deployCoreContracts
FNDA:0,Setup._deployCoreContracts
DA:270,0
DA:271,0
DA:275,0
DA:276,0
DA:278,0
DA:280,0
DA:281,0
DA:282,0
DA:284,0
DA:287,0
DA:288,0
FN:294,Setup._setupCoreContracts
FNDA:0,Setup._setupCoreContracts
DA:296,0
DA:297,0
DA:299,0
DA:304,0
DA:306,0
DA:307,0
DA:310,0
DA:311,0
DA:313,0
DA:315,0
DA:316,0
DA:317,0
DA:319,0
DA:320,0
DA:322,0
DA:323,0
DA:326,0
FN:332,Setup._setupAdapters
FNDA:0,Setup._setupAdapters
DA:333,0
DA:335,0
DA:336,0
DA:337,0
DA:339,0
DA:343,0
DA:348,0
FN:354,Setup._setupTimelockAsOwner
FNDA:0,Setup._setupTimelockAsOwner
DA:356,0
DA:357,0
DA:359,0
DA:361,0
BRDA:361,1,0,-
BRDA:361,1,1,-
DA:362,0
DA:368,0
FN:374,Setup._simulatePayloadDelivery
FNDA:0,Setup._simulatePayloadDelivery
DA:376,0
DA:381,0
FN:391,Setup._wormholeChainId
FNDA:0,Setup._wormholeChainId
DA:392,0
BRDA:392,2,0,-
BRDA:392,2,1,-
DA:393,0
DA:396,0
BRDA:396,3,0,-
BRDA:396,3,1,-
DA:397,0
DA:400,0
BRDA:400,4,0,-
BRDA:400,4,1,-
DA:401,0
DA:404,0
FN:408,Setup._axelarChainId
FNDA:0,Setup._axelarChainId
DA:409,0
BRDA:409,5,0,-
BRDA:409,5,1,-
DA:410,0
DA:413,0
BRDA:413,6,0,-
BRDA:413,6,1,-
DA:414,0
DA:417,0
BRDA:417,7,0,-
BRDA:417,7,1,-
DA:418,0
DA:421,0
FN:425,Setup._wormholeRelayer
FNDA:0,Setup._wormholeRelayer
DA:426,0
BRDA:426,8,0,-
BRDA:426,8,1,-
DA:427,0
DA:430,0
BRDA:430,9,0,-
BRDA:430,9,1,-
DA:431,0
DA:434,0
BRDA:434,10,0,-
BRDA:434,10,1,-
DA:435,0
DA:438,0
FN:442,Setup._axelarGateway
FNDA:0,Setup._axelarGateway
DA:443,0
BRDA:443,11,0,-
BRDA:443,11,1,-
DA:444,0
DA:447,0
BRDA:447,12,0,-
BRDA:447,12,1,-
DA:448,0
DA:451,0
BRDA:451,13,0,-
BRDA:451,13,1,-
DA:452,0
DA:455,0
FN:459,Setup._getMsgId
FNDA:0,Setup._getMsgId
DA:460,0
DA:461,0
BRDA:461,14,0,-
BRDA:461,14,1,-
DA:462,0
FN:468,Setup._getExecParams
FNDA:0,Setup._getExecParams
DA:473,0
DA:475,0
DA:476,0
BRDA:476,15,0,-
BRDA:476,15,1,-
DA:477,0
DA:478,0
DA:479,0
DA:480,0
FN:486,Setup._sortTwoAdapters
FNDA:0,Setup._sortTwoAdapters
DA:487,0
DA:488,0
BRDA:488,16,0,-
BRDA:488,16,1,-
DA:489,0
DA:490,0
DA:492,0
DA:493,0
FN:498,Setup._sortTwoAdaptersWithFees
FNDA:0,Setup._sortTwoAdaptersWithFees
DA:503,0
DA:504,0
DA:505,0
BRDA:505,17,0,-
BRDA:505,17,1,-
DA:506,0
DA:507,0
DA:508,0
DA:509,0
DA:511,0
DA:512,0
DA:513,0
DA:514,0
FN:519,Setup._sortTwoAdaptersWithFeesAndOps
FNDA:0,Setup._sortTwoAdaptersWithFeesAndOps
DA:527,0
DA:528,0
DA:529,0
DA:530,0
BRDA:530,18,0,-
BRDA:530,18,1,-
DA:531,0
DA:532,0
DA:533,0
DA:534,0
DA:535,0
DA:536,0
DA:538,0
DA:539,0
DA:540,0
DA:541,0
DA:542,0
DA:543,0
FN:547,Setup._sortThreeAdaptersWithFeesAndOps
FNDA:0,Setup._sortThreeAdaptersWithFeesAndOps
DA:552,0
BRDA:552,19,0,-
BRDA:552,19,1,-
DA:554,0
DA:555,0
DA:556,0
DA:557,0
DA:558,0
DA:559,0
BRDA:559,20,0,-
BRDA:559,20,1,-
DA:560,0
DA:561,0
DA:562,0
DA:564,0
DA:565,0
DA:566,0
DA:567,0
DA:568,0
FNF:20
FNH:0
LF:198
LH:0
BRF:42
BRH:0
end_of_record
TN:
SF:test/contracts-mock/FailingSenderAdapter.sol
FN:6,FailingSenderAdapter.dispatchMessage
FNDA:1,FailingSenderAdapter.dispatchMessage
DA:7,1
FNF:1
FNH:1
LF:1
LH:1
BRF:0
BRH:0
end_of_record
TN:
SF:test/contracts-mock/MockUniswapReceiver.sol
FN:8,MockUniswapReceiver.setValue
FNDA:2,MockUniswapReceiver.setValue
DA:9,2
FNF:1
FNH:1
LF:1
LH:1
BRF:0
BRH:0
end_of_record
TN:
SF:test/contracts-mock/ZeroAddressReceiverGAC.sol
FN:12,ZeroAddressReceiverGAC.remoteMultiBridgeMessageReceiver
FNDA:1,ZeroAddressReceiverGAC.remoteMultiBridgeMessageReceiver
DA:13,0
FNF:1
FNH:1
LF:1
LH:0
BRF:0
BRH:0
end_of_record
TN:
SF:test/contracts-mock/adapters/axelar/MockAxelarGateway.sol
FN:12,MockAxelarGateway.validateContractCall
FNDA:7,MockAxelarGateway.validateContractCall
DA:13,7
FNF:1
FNH:1
LF:1
LH:1
BRF:0
BRH:0
end_of_record
TN:
SF:test/unit-tests/adapters/axelar/libraries/StringAddressConversion.t.sol
FN:12,StringAddressConversionHelper.toString
FNDA:1,StringAddressConversionHelper.toString
DA:13,1
FN:16,StringAddressConversionHelper.toAddress
FNDA:8,StringAddressConversionHelper.toAddress
DA:17,8
FNF:2
FNH:2
LF:2
LH:2
BRF:0
BRH:0
end_of_record
TN:
SF:test/unit-tests/libraries/EIP5164/ExecutorAware.t.sol
FN:12,ExecutorAwareHelper.addTrustedExecutor
FNDA:6,ExecutorAwareHelper.addTrustedExecutor
DA:13,6
FN:16,ExecutorAwareHelper.removeTrustedExecutor
FNDA:1,ExecutorAwareHelper.removeTrustedExecutor
DA:17,1
FNF:2
FNH:2
LF:2
LH:2
BRF:0
BRH:0
end_of_record
TN:
SF:test/unit-tests/libraries/Message.t.sol
FN:14,MessageHelper.computeMsgId
FNDA:1,MessageHelper.computeMsgId
DA:15,1
FN:18,MessageHelper.extractExecutionParams
FNDA:1,MessageHelper.extractExecutionParams
DA:23,1
FN:26,MessageHelper.computeExecutionParamsHash
FNDA:1,MessageHelper.computeExecutionParamsHash
DA:31,1
FN:34,MessageHelper.computeExecutionParamsHashFromMessage
FNDA:1,MessageHelper.computeExecutionParamsHashFromMessage
DA:39,1
FNF:4
FNH:4
LF:4
LH:4
BRF:0
BRH:0
end_of_record
TN:
SF:test/unit-tests/libraries/TypeCasts.t.sol
FN:12,TypeCastsHelper.addressToBytes32
FNDA:1,TypeCastsHelper.addressToBytes32
DA:13,1
FN:16,TypeCastsHelper.bytes32ToAddress
FNDA:1,TypeCastsHelper.bytes32ToAddress
DA:17,1
FNF:2
FNH:2
LF:2
LH:2
BRF:0
BRH:0
end_of_record
