TN:
SF:src/MultiMessageReceiver.sol
FN:77,MultiMessageReceiver.initialize
FNDA:7,MultiMessageReceiver.initialize
DA:78,6
DA:80,6
BRDA:80,0,0,1
BRDA:80,0,1,5
DA:81,1
DA:84,5
DA:85,7
BRDA:85,1,0,1
BRDA:85,1,1,6
DA:86,1
DA:89,6
DA:92,6
DA:96,4
BRDA:96,2,0,3
BRDA:96,2,1,1
DA:97,3
DA:100,1
FN:110,MultiMessageReceiver.receiveMessage
FNDA:21,MultiMessageReceiver.receiveMessage
DA:115,20
BRDA:115,3,0,1
BRDA:115,3,1,19
DA:116,1
DA:120,19
BRDA:120,4,0,1
BRDA:120,4,1,18
DA:121,1
DA:126,18
DA:128,18
BRDA:128,5,0,1
BRDA:128,5,1,17
DA:129,1
DA:132,17
BRDA:132,6,0,1
BRDA:132,6,1,16
DA:133,1
DA:136,16
DA:139,16
DA:142,16
DA:145,16
BRDA:145,7,0,11
BRDA:145,7,1,16
DA:146,11
DA:149,16
FN:155,MultiMessageReceiver.executeMessage
FNDA:8,MultiMessageReceiver.executeMessage
DA:156,8
DA:158,8
BRDA:158,8,0,1
BRDA:158,8,1,7
DA:159,1
DA:162,7
BRDA:162,9,0,1
BRDA:162,9,1,6
DA:163,1
DA:166,6
DA:168,6
BRDA:168,10,0,1
BRDA:168,10,1,5
DA:169,1
DA:172,5
DA:174,5
BRDA:174,11,0,1
BRDA:174,11,1,4
DA:175,1
DA:178,4
FN:183,MultiMessageReceiver.updateReceiverAdapter
FNDA:6,MultiMessageReceiver.updateReceiverAdapter
DA:187,5
DA:189,5
BRDA:189,12,0,1
BRDA:189,12,1,4
DA:190,1
DA:193,4
DA:194,4
DA:197,3
FN:203,MultiMessageReceiver.updateQuorum
FNDA:6,MultiMessageReceiver.updateQuorum
DA:205,5
BRDA:205,13,0,2
BRDA:205,13,1,3
DA:206,2
DA:208,3
DA:210,3
DA:211,3
FN:215,MultiMessageReceiver.getMessageInfo
FNDA:1,MultiMessageReceiver.getMessageInfo
DA:216,1
DA:217,1
DA:219,1
BRDA:219,14,0,-
BRDA:219,14,1,1
DA:220,1
DA:221,1
DA:222,2
BRDA:222,15,0,-
BRDA:222,15,1,1
DA:223,1
DA:224,1
DA:228,2
DA:233,1
FN:240,MultiMessageReceiver._updateReceiverAdapter
FNDA:10,MultiMessageReceiver._updateReceiverAdapter
DA:241,10
BRDA:241,16,0,8
BRDA:241,16,1,2
DA:242,8
DA:244,2
DA:246,2
BRDA:246,17,0,1
BRDA:246,17,1,1
DA:247,1
DA:250,9
FNF:7
FNH:7
LF:65
LH:65
BRF:36
BRH:34
end_of_record
TN:
SF:src/MultiMessageSender.sol
FN:99,MultiMessageSender.remoteCall
FNDA:1,MultiMessageSender.remoteCall
DA:100,1
DA:101,1
FN:108,MultiMessageSender.remoteCall
FNDA:0,MultiMessageSender.remoteCall
DA:114,0
FN:119,MultiMessageSender.addSenderAdapters
FNDA:0,MultiMessageSender.addSenderAdapters
DA:120,0
DA:121,0
DA:124,0
FN:131,MultiMessageSender.removeSenderAdapters
FNDA:0,MultiMessageSender.removeSenderAdapters
DA:132,0
DA:133,0
DA:136,0
FN:146,MultiMessageSender.estimateTotalMessageFee
FNDA:0,MultiMessageSender.estimateTotalMessageFee
DA:152,0
DA:153,0
DA:154,0
DA:157,0
DA:160,0
DA:162,0
DA:163,0
DA:164,0
DA:166,0
FN:182,MultiMessageSender._remoteCall
FNDA:1,MultiMessageSender._remoteCall
DA:188,1
DA:190,1
BRDA:190,0,0,-
BRDA:190,0,1,1
DA:191,0
DA:194,1
BRDA:194,1,0,-
BRDA:194,1,1,1
DA:195,0
DA:198,1
DA:200,1
BRDA:200,2,0,-
BRDA:200,2,1,1
DA:201,0
DA:205,1
DA:209,1
DA:210,2
DA:211,2
DA:212,2
DA:213,0
BRDA:213,3,0,-
BRDA:213,3,1,-
DA:214,0
DA:215,0
DA:219,0
DA:223,2
BRDA:223,4,0,-
BRDA:223,4,1,2
DA:224,2
DA:225,2
DA:229,2
DA:233,1
BRDA:233,5,0,-
BRDA:233,5,1,1
DA:234,0
DA:238,1
DA:240,1
DA:242,1
DA:243,1
DA:245,1
DA:247,1
DA:248,2
DA:251,2
DA:254,2
DA:264,2
DA:268,1
DA:272,1
BRDA:272,6,0,-
BRDA:272,6,1,1
DA:273,1
DA:276,1
FN:281,MultiMessageSender._addSenderAdapter
FNDA:0,MultiMessageSender._addSenderAdapter
DA:282,0
BRDA:282,7,0,-
BRDA:282,7,1,-
DA:283,0
DA:287,0
DA:289,0
DA:290,0
FN:293,MultiMessageSender._removeSenderAdapter
FNDA:0,MultiMessageSender._removeSenderAdapter
DA:294,0
DA:296,0
DA:297,0
BRDA:297,8,0,-
BRDA:297,8,1,-
DA:298,0
BRDA:298,9,0,-
BRDA:298,9,1,-
DA:299,0
DA:302,0
DA:304,0
DA:305,0
FN:312,MultiMessageSender._checkDuplicates
FNDA:0,MultiMessageSender._checkDuplicates
DA:313,0
DA:315,0
DA:316,0
BRDA:316,10,0,-
BRDA:316,10,1,-
DA:317,0
DA:321,0
FN:329,MultiMessageSender._safeTransferETH
FNDA:1,MultiMessageSender._safeTransferETH
DA:330,1
DA:331,1
BRDA:331,11,0,-
BRDA:331,11,1,1
FNF:10
FNH:3
LF:75
LH:33
BRF:24
BRH:7
end_of_record
TN:
SF:src/adapters/BaseSenderAdapter.sol
FN:53,BaseSenderAdapter.updateReceiverAdapter
FNDA:0,BaseSenderAdapter.updateReceiverAdapter
DA:58,0
DA:60,0
BRDA:60,0,0,-
BRDA:60,0,1,-
DA:61,0
DA:64,0
DA:65,0
DA:66,0
DA:69,0
FN:81,BaseSenderAdapter._getNewMessageId
FNDA:2,BaseSenderAdapter._getNewMessageId
DA:82,2
DA:83,2
FN:88,BaseSenderAdapter.getChainId
FNDA:0,BaseSenderAdapter.getChainId
DA:90,2
FNF:3
FNH:1
LF:10
LH:3
BRF:2
BRH:0
end_of_record
TN:
SF:src/adapters/Celer/CelerReceiverAdapter.sol
FN:76,CelerReceiverAdapter.updateSenderAdapter
FNDA:0,CelerReceiverAdapter.updateSenderAdapter
DA:77,0
DA:79,0
BRDA:79,0,0,-
BRDA:79,0,1,-
DA:80,0
DA:83,0
BRDA:83,1,0,-
BRDA:83,1,1,-
DA:84,0
DA:87,0
DA:88,0
DA:89,0
DA:91,0
FN:95,CelerReceiverAdapter.executeMessage
FNDA:0,CelerReceiverAdapter.executeMessage
DA:103,0
BRDA:103,2,0,-
BRDA:103,2,1,-
DA:104,0
DA:108,0
BRDA:108,3,0,-
BRDA:108,3,1,-
DA:109,0
DA:113,0
DA:114,0
DA:117,0
BRDA:117,4,0,-
BRDA:117,4,1,-
DA:118,0
DA:121,0
DA:124,0
BRDA:124,5,0,-
BRDA:124,5,1,-
DA:125,0
DA:128,0
DA:130,0
DA:136,0
FNF:2
FNH:0
LF:23
LH:0
BRF:12
BRH:0
end_of_record
TN:
SF:src/adapters/Celer/CelerSenderAdapter.sol
FN:29,CelerSenderAdapter.dispatchMessage
FNDA:0,CelerSenderAdapter.dispatchMessage
DA:36,0
BRDA:36,0,0,-
BRDA:36,0,1,-
DA:37,0
DA:40,0
DA:42,0
BRDA:42,1,0,-
BRDA:42,1,1,-
DA:43,0
DA:46,0
DA:47,0
DA:49,0
DA:51,0
FN:59,CelerSenderAdapter.getMessageFee
FNDA:0,CelerSenderAdapter.getMessageFee
DA:61,0
FNF:2
FNH:0
LF:10
LH:0
BRF:4
BRH:0
end_of_record
TN:
SF:src/adapters/Celer/libraries/Utils.sol
FN:7,Utils.getRevertMsg
FNDA:0,Utils.getRevertMsg
DA:9,0
BRDA:9,0,0,-
BRDA:9,0,1,-
DA:12,0
DA:14,0
FNF:1
FNH:0
LF:3
LH:0
BRF:2
BRH:0
end_of_record
TN:
SF:src/adapters/Wormhole/WormholeReceiverAdapter.sol
FN:70,WormholeReceiverAdapter.updateSenderAdapter
FNDA:0,WormholeReceiverAdapter.updateSenderAdapter
DA:71,0
DA:73,0
BRDA:73,0,0,-
BRDA:73,0,1,-
DA:74,0
DA:77,0
BRDA:77,1,0,-
BRDA:77,1,1,-
DA:78,0
DA:81,0
DA:82,0
DA:83,0
DA:85,0
FN:91,WormholeReceiverAdapter.setChainIdMap
FNDA:0,WormholeReceiverAdapter.setChainIdMap
DA:92,0
DA:94,0
BRDA:94,2,0,-
BRDA:94,2,1,-
DA:95,0
DA:98,0
DA:99,0
DA:102,0
FN:108,WormholeReceiverAdapter.receiveWormholeMessages
FNDA:1,WormholeReceiverAdapter.receiveWormholeMessages
DA:117,1
BRDA:117,3,0,-
BRDA:117,3,1,1
DA:118,0
DA:122,1
BRDA:122,4,0,-
BRDA:122,4,1,1
DA:123,0
DA:124,0
DA:125,0
DA:129,1
DA:130,1
DA:133,1
BRDA:133,5,0,-
BRDA:133,5,1,1
DA:134,0
DA:137,1
DA:138,1
DA:141,1
BRDA:141,6,0,-
BRDA:141,6,1,1
DA:142,0
DA:145,1
DA:147,1
FNF:3
FNH:1
LF:31
LH:10
BRF:14
BRH:4
end_of_record
TN:
SF:src/adapters/Wormhole/WormholeSenderAdapter.sol
FN:35,WormholeSenderAdapter.dispatchMessage
FNDA:1,WormholeSenderAdapter.dispatchMessage
DA:42,1
DA:44,1
BRDA:44,0,0,-
BRDA:44,0,1,1
DA:45,0
DA:48,1
DA:50,1
BRDA:50,1,0,-
BRDA:50,1,1,1
DA:51,0
DA:54,1
DA:55,1
DA:57,1
DA:66,1
FN:72,WormholeSenderAdapter.setChainIdMap
FNDA:0,WormholeSenderAdapter.setChainIdMap
DA:73,0
DA:75,0
BRDA:75,2,0,-
BRDA:75,2,1,-
DA:76,0
DA:79,0
DA:80,0
DA:83,0
FN:93,WormholeSenderAdapter.getMessageFee
FNDA:1,WormholeSenderAdapter.getMessageFee
DA:95,1
FNF:3
FNH:2
LF:17
LH:9
BRF:6
BRH:2
end_of_record
TN:
SF:src/adapters/axelar/AxelarReceiverAdapter.sol
FN:59,AxelarReceiverAdapter.updateSenderAdapter
FNDA:0,AxelarReceiverAdapter.updateSenderAdapter
DA:60,0
DA:62,0
BRDA:62,0,0,-
BRDA:62,0,1,-
DA:63,0
DA:66,0
BRDA:66,1,0,-
BRDA:66,1,1,-
DA:67,0
DA:70,0
DA:71,0
DA:72,0
DA:74,0
FN:79,AxelarReceiverAdapter.execute
FNDA:1,AxelarReceiverAdapter.execute
DA:86,1
BRDA:86,2,0,-
BRDA:86,2,1,1
DA:87,0
DA:91,1
BRDA:91,3,0,-
BRDA:91,3,1,1
DA:92,0
DA:96,1
BRDA:96,4,0,-
BRDA:96,4,1,1
DA:97,0
DA:101,1
DA:102,1
DA:105,1
BRDA:105,5,0,-
BRDA:105,5,1,1
DA:106,0
DA:110,1
BRDA:110,6,0,-
BRDA:110,6,1,1
DA:111,0
DA:114,1
DA:115,1
DA:117,1
DA:119,1
FNF:2
FNH:1
LF:25
LH:11
BRF:14
BRH:5
end_of_record
TN:
SF:src/adapters/axelar/AxelarSenderAdapter.sol
FN:47,AxelarSenderAdapter.dispatchMessage
FNDA:1,AxelarSenderAdapter.dispatchMessage
DA:54,1
DA:56,1
BRDA:56,0,0,-
BRDA:56,0,1,1
DA:57,0
DA:60,1
DA:62,1
BRDA:62,1,0,-
BRDA:62,1,1,1
DA:63,0
DA:66,1
DA:67,1
DA:69,1
FN:75,AxelarSenderAdapter.setChainIdMap
FNDA:0,AxelarSenderAdapter.setChainIdMap
DA:76,0
DA:78,0
BRDA:78,2,0,-
BRDA:78,2,1,-
DA:79,0
DA:82,0
DA:83,0
DA:86,0
FN:96,AxelarSenderAdapter.getMessageFee
FNDA:1,AxelarSenderAdapter.getMessageFee
DA:98,1
FN:112,AxelarSenderAdapter._callContract
FNDA:1,AxelarSenderAdapter._callContract
DA:119,1
DA:120,1
DA:121,1
DA:123,1
DA:127,1
FNF:4
FNH:3
LF:21
LH:13
BRF:6
BRH:2
end_of_record
TN:
SF:src/adapters/axelar/libraries/StringAddressConversion.sol
FN:7,StringAddressConversion.toString
FNDA:1,StringAddressConversion.toString
DA:8,1
DA:9,1
DA:10,1
DA:11,1
DA:13,1
DA:14,1
DA:16,1
DA:17,20
DA:18,20
DA:20,1
FN:23,StringAddressConversion.toAddress
FNDA:0,StringAddressConversion.toAddress
DA:24,0
DA:25,0
DA:26,0
DA:28,0
BRDA:28,0,0,-
BRDA:28,0,1,-
DA:30,0
DA:31,0
DA:33,0
BRDA:33,1,0,-
BRDA:33,1,1,-
DA:34,0
BRDA:34,2,0,-
BRDA:34,2,1,-
DA:35,0
BRDA:35,3,0,-
BRDA:35,3,1,-
DA:36,0
DA:38,0
DA:40,0
FNF:2
FNH:1
LF:22
LH:10
BRF:8
BRH:0
end_of_record
TN:
SF:src/controllers/GAC.sol
FN:41,GAC.setMultiMessageSender
FNDA:0,GAC.setMultiMessageSender
DA:42,0
BRDA:42,0,0,-
BRDA:42,0,1,-
DA:43,0
DA:46,0
DA:48,0
FN:52,GAC.setMultiMessageCaller
FNDA:0,GAC.setMultiMessageCaller
DA:53,0
BRDA:53,1,0,-
BRDA:53,1,1,-
DA:54,0
DA:57,0
DA:59,0
FN:63,GAC.setMultiMessageReceiver
FNDA:0,GAC.setMultiMessageReceiver
DA:64,0
BRDA:64,2,0,-
BRDA:64,2,1,-
DA:65,0
DA:68,0
BRDA:68,3,0,-
BRDA:68,3,1,-
DA:69,0
DA:72,0
DA:74,0
FN:78,GAC.setGlobalMsgDeliveryGasLimit
FNDA:0,GAC.setGlobalMsgDeliveryGasLimit
DA:79,0
DA:80,0
DA:82,0
FN:86,GAC.setMsgExpiryTime
FNDA:0,GAC.setMsgExpiryTime
DA:87,0
BRDA:87,4,0,-
BRDA:87,4,1,-
DA:88,0
DA:91,0
FN:95,GAC.setRefundAddress
FNDA:0,GAC.setRefundAddress
DA:96,0
BRDA:96,5,0,-
BRDA:96,5,1,-
DA:97,0
DA:100,0
FN:108,GAC.isPrivilegedCaller
FNDA:0,GAC.isPrivilegedCaller
DA:109,0
BRDA:109,6,0,-
BRDA:109,6,1,-
DA:110,0
DA:113,0
FN:117,GAC.getGlobalOwner
FNDA:0,GAC.getGlobalOwner
DA:118,0
FN:122,GAC.getGlobalMsgDeliveryGasLimit
FNDA:2,GAC.getGlobalMsgDeliveryGasLimit
DA:123,2
FN:127,GAC.getMsgExpiryTime
FNDA:1,GAC.getMsgExpiryTime
DA:128,1
FN:132,GAC.getRefundAddress
FNDA:1,GAC.getRefundAddress
DA:133,1
FN:137,GAC.getMultiMessageSender
FNDA:2,GAC.getMultiMessageSender
DA:138,2
FN:142,GAC.getMultiMessageReceiver
FNDA:3,GAC.getMultiMessageReceiver
DA:143,3
FN:147,GAC.getMultiMessageCaller
FNDA:1,GAC.getMultiMessageCaller
DA:148,1
FNF:14
FNH:6
LF:33
LH:6
BRF:14
BRH:0
end_of_record
TN:
SF:src/interfaces/EIP5164/ExecutorAware.sol
FN:30,ExecutorAware.isTrustedExecutor
FNDA:0,ExecutorAware.isTrustedExecutor
DA:31,29
DA:32,34
BRDA:32,0,0,21
BRDA:32,0,1,13
DA:33,21
DA:36,8
FN:45,ExecutorAware._addTrustedExecutor
FNDA:8,ExecutorAware._addTrustedExecutor
DA:46,8
BRDA:46,1,0,7
BRDA:46,1,1,8
DA:47,7
FN:55,ExecutorAware._removeTrustedExecutor
FNDA:2,ExecutorAware._removeTrustedExecutor
DA:56,2
DA:57,2
DA:58,2
BRDA:58,2,0,-
BRDA:58,2,1,2
DA:59,2
BRDA:59,3,0,-
BRDA:59,3,1,2
DA:60,2
DA:62,2
DA:63,2
FN:72,ExecutorAware._messageId
FNDA:0,ExecutorAware._messageId
DA:75,0
BRDA:75,4,0,-
BRDA:75,4,1,-
DA:77,0
FN:86,ExecutorAware._fromChainId
FNDA:0,ExecutorAware._fromChainId
DA:89,0
BRDA:89,5,0,-
BRDA:89,5,1,-
DA:91,0
FN:100,ExecutorAware._msgSender
FNDA:0,ExecutorAware._msgSender
DA:101,0
DA:103,0
BRDA:103,6,0,-
BRDA:103,6,1,-
DA:105,0
FNF:6
FNH:2
LF:20
LH:13
BRF:14
BRH:6
end_of_record
TN:
SF:src/libraries/Message.sol
FN:25,MessageLibrary.computeMsgId
FNDA:19,MessageLibrary.computeMsgId
DA:26,19
FNF:1
FNH:1
LF:1
LH:1
BRF:0
BRH:0
end_of_record
TN:
SF:src/libraries/TypeCasts.sol
FN:7,TypeCasts.addressToBytes32
FNDA:0,TypeCasts.addressToBytes32
DA:8,0
FN:12,TypeCasts.bytes32ToAddress
FNDA:1,TypeCasts.bytes32ToAddress
DA:13,1
FNF:2
FNH:1
LF:2
LH:1
BRF:0
BRH:0
end_of_record
TN:
SF:test/Setup.t.sol
FN:76,Setup.setUp
FNDA:0,Setup.setUp
DA:81,0
DA:82,0
DA:84,0
DA:85,0
DA:87,0
DA:88,0
DA:91,0
DA:95,0
DA:96,0
DA:100,0
DA:103,0
DA:106,0
DA:109,0
FN:116,Setup._deployGac
FNDA:0,Setup._deployGac
DA:117,0
DA:119,0
DA:120,0
DA:121,0
DA:123,0
DA:124,0
DA:125,0
DA:126,0
DA:129,0
FN:135,Setup._deployWormholeAdapters
FNDA:0,Setup._deployWormholeAdapters
DA:137,0
DA:139,0
DA:142,0
DA:145,0
DA:147,0
DA:148,0
DA:149,0
DA:151,0
DA:154,0
DA:155,0
DA:158,0
DA:163,0
DA:165,0
DA:169,0
FN:175,Setup._deployAxelarAdapters
FNDA:0,Setup._deployAxelarAdapters
DA:177,0
DA:178,0
DA:182,0
DA:185,0
DA:187,0
DA:188,0
DA:189,0
DA:191,0
DA:194,0
DA:195,0
DA:198,0
DA:202,0
DA:204,0
DA:208,0
FN:214,Setup._deployHelpers
FNDA:0,Setup._deployHelpers
DA:216,0
DA:217,0
DA:218,0
DA:220,0
DA:221,0
DA:224,0
DA:225,0
DA:227,0
DA:228,0
DA:229,0
DA:231,0
DA:232,0
DA:235,0
FN:241,Setup._deployCoreContracts
FNDA:0,Setup._deployCoreContracts
DA:243,0
DA:244,0
DA:248,0
DA:249,0
DA:251,0
DA:252,0
FN:257,Setup._setupCoreContracts
FNDA:0,Setup._setupCoreContracts
DA:259,0
DA:260,0
DA:262,0
DA:263,0
DA:264,0
DA:266,0
DA:269,0
DA:270,0
DA:272,0
DA:274,0
DA:275,0
DA:276,0
DA:278,0
DA:281,0
DA:286,0
DA:287,0
DA:289,0
DA:290,0
DA:293,0
BRDA:293,0,0,-
BRDA:293,0,1,-
DA:294,0
DA:298,0
DA:300,0
BRDA:300,1,0,-
BRDA:300,1,1,-
DA:301,0
DA:304,0
DA:308,0
DA:313,0
FN:319,Setup._setupAdapters
FNDA:0,Setup._setupAdapters
DA:320,0
DA:322,0
DA:323,0
DA:324,0
DA:326,0
DA:330,0
DA:335,0
FN:341,Setup._simulatePayloadDelivery
FNDA:0,Setup._simulatePayloadDelivery
DA:343,0
DA:348,0
FN:358,Setup._wormholeChainId
FNDA:0,Setup._wormholeChainId
DA:359,0
BRDA:359,2,0,-
BRDA:359,2,1,-
DA:360,0
DA:363,0
BRDA:363,3,0,-
BRDA:363,3,1,-
DA:364,0
DA:367,0
BRDA:367,4,0,-
BRDA:367,4,1,-
DA:368,0
DA:371,0
FN:375,Setup._axelarChainId
FNDA:0,Setup._axelarChainId
DA:376,0
BRDA:376,5,0,-
BRDA:376,5,1,-
DA:377,0
DA:380,0
BRDA:380,6,0,-
BRDA:380,6,1,-
DA:381,0
DA:384,0
BRDA:384,7,0,-
BRDA:384,7,1,-
DA:385,0
DA:388,0
FN:392,Setup._wormholeRelayer
FNDA:0,Setup._wormholeRelayer
DA:393,0
BRDA:393,8,0,-
BRDA:393,8,1,-
DA:394,0
DA:397,0
BRDA:397,9,0,-
BRDA:397,9,1,-
DA:398,0
DA:401,0
BRDA:401,10,0,-
BRDA:401,10,1,-
DA:402,0
DA:405,0
FN:409,Setup._axelarGateway
FNDA:0,Setup._axelarGateway
DA:410,0
BRDA:410,11,0,-
BRDA:410,11,1,-
DA:411,0
DA:414,0
BRDA:414,12,0,-
BRDA:414,12,1,-
DA:415,0
DA:418,0
BRDA:418,13,0,-
BRDA:418,13,1,-
DA:419,0
DA:422,0
FNF:13
FNH:0
LF:132
LH:0
BRF:28
BRH:0
end_of_record
TN:
SF:test/mock/MockUniswapReceiver.sol
FN:8,MockUniswapReceiver.setValue
FNDA:1,MockUniswapReceiver.setValue
DA:9,1
FNF:1
FNH:1
LF:1
LH:1
BRF:0
BRH:0
end_of_record
